<?xml version="1.0" encoding="UTF-8"?>
<!-- Generated by org.testng.reporters.JUnitReportReporter -->
<testsuite hostname="LAPTOP-2JHEDOPB" failures="0" tests="1" name="Demoopencart" time="11.504" errors="0" timestamp="2023-07-31T18:16:02 IST" skipped="0">
  <testcase classname="Demoopencart" name="mouseHoverTest" time="11.504"/>
</testsuite> <!-- Demoopencart -->
