<?xml version="1.0" encoding="UTF-8"?>
<!-- Generated by org.testng.reporters.JUnitReportReporter -->
<testsuite hostname="LAPTOP-2JHEDOPB" failures="0" tests="1" name="jul17th.screnshort2" time="10.510" errors="0" timestamp="2023-07-24T09:12:30 IST" skipped="0">
  <testcase classname="jul17th.screnshort2" name="screenshotTest" time="10.510"/>
</testsuite> <!-- jul17th.screnshort2 -->
