<?xml version="1.0" encoding="UTF-8"?>
<!-- Generated by org.testng.reporters.JUnitReportReporter -->
<testsuite hostname="LAPTOP-2JHEDOPB" failures="0" tests="1" name="jul17th.WindowHandling" time="37.828" errors="0" timestamp="2023-07-24T09:57:19 IST" skipped="0">
  <testcase classname="jul17th.WindowHandling" name="rightclickTest" time="37.828"/>
</testsuite> <!-- jul17th.WindowHandling -->
